<?xml version="1.0" encoding="UTF-8"?>
<testsuite xmlns:xsi="http://www.w3.org/2001/XMLSchema-instance" xsi:noNamespaceSchemaLocation="https://maven.apache.org/surefire/maven-surefire-plugin/xsd/surefire-test-report-3.0.xsd" version="3.0" name="com.amazingbookstore.integrationtest.BookControllerTest" time="4.464" tests="1" errors="0" skipped="0" failures="0">
  <properties>
[...]
</properties>
  <testcase name="shouldReturnBooksWhenBookApiCalled" classname="com.amazingbookstore.integrationtest.BookControllerTest" time="1.226">
    <system-out><![CDATA[2023-12-21T01:24:30.132+05:30 DEBUG 3844 --- [           main] o.s.t.c.support.AbstractContextLoader    : Could not detect default resource locations for test class [com.amazingbookstore.integrationtest.BookControllerTest]: no resource found for suffixes {-context.xml, Context.groovy}.
2023-12-21T01:24:30.154+05:30 DEBUG 3844 --- [           main] .s.t.c.u.TestContextSpringFactoriesUtils : Skipping candidate TestExecutionListener [org.springframework.test.context.observation.MicrometerObservationRegistryTestExecutionListener] due to a missing dependency. Specify custom TestExecutionListener classes or make the default TestExecutionListener classes and their required dependencies available. Offending class: io.micrometer.context.ThreadLocalAccessor. MicrometerObservationRegistryTestExecutionListener requires io.micrometer:micrometer-observation:1.10.8 or higher and io.micrometer:context-propagation:1.0.3 or higher.
2023-12-21T01:24:30.155+05:30 DEBUG 3844 --- [           main] sContextBeforeModesTestExecutionListener : Before test class: class [BookControllerTest], class annotated with @DirtiesContext [true] with mode [AFTER_EACH_TEST_METHOD]
2023-12-21T01:24:30.157+05:30 DEBUG 3844 --- [           main] DependencyInjectionTestExecutionListener : Performing dependency injection for test class com.amazingbookstore.integrationtest.BookControllerTest
2023-12-21T01:24:30.164+05:30  INFO 3844 --- [           main] o.s.b.d.r.RestartApplicationListener     : Restart disabled due to context in which it is running

  .   ____          _            __ _ _
 /\\ / ___'_ __ _ _(_)_ __  __ _ \ \ \ \
( ( )\___ | '_ | '_| | '_ \/ _` | \ \ \ \
 \\/  ___)| |_)| | | | | || (_| |  ) ) ) )
  '  |____| .__|_| |_|_| |_\__, | / / / /
 =========|_|==============|___/=/_/_/_/
 :: Spring Boot ::                (v3.2.0)

2023-12-21T01:24:30.341+05:30  INFO 3844 --- [           main] c.a.integrationtest.BookControllerTest   : Starting BookControllerTest using Java 21.0.1 with PID 3844 (started by cheta in E:\FullStackJava\Project\amazingbookstore-backend)
2023-12-21T01:24:30.342+05:30  INFO 3844 --- [           main] c.a.integrationtest.BookControllerTest   : No active profile set, falling back to 1 default profile: "default"
2023-12-21T01:24:31.113+05:30  INFO 3844 --- [           main] .s.d.r.c.RepositoryConfigurationDelegate : Bootstrapping Spring Data JPA repositories in DEFAULT mode.
2023-12-21T01:24:31.135+05:30  INFO 3844 --- [           main] .s.d.r.c.RepositoryConfigurationDelegate : Finished Spring Data repository scanning in 20 ms. Found 1 JPA repository interface.
2023-12-21T01:24:31.838+05:30  INFO 3844 --- [           main] o.s.b.w.embedded.tomcat.TomcatWebServer  : Tomcat initialized with port 0 (http)
2023-12-21T01:24:31.870+05:30  INFO 3844 --- [           main] o.apache.catalina.core.StandardService   : Starting service [Tomcat]
2023-12-21T01:24:31.871+05:30  INFO 3844 --- [           main] o.apache.catalina.core.StandardEngine    : Starting Servlet engine: [Apache Tomcat/10.1.16]
2023-12-21T01:24:32.070+05:30  INFO 3844 --- [           main] o.a.c.c.C.[Tomcat].[localhost].[/]       : Initializing Spring embedded WebApplicationContext
2023-12-21T01:24:32.073+05:30  INFO 3844 --- [           main] w.s.c.ServletWebServerApplicationContext : Root WebApplicationContext: initialization completed in 1719 ms
2023-12-21T01:24:32.141+05:30  INFO 3844 --- [           main] com.zaxxer.hikari.HikariDataSource       : HikariPool-2 - Starting...
2023-12-21T01:24:32.143+05:30  INFO 3844 --- [           main] com.zaxxer.hikari.pool.HikariPool        : HikariPool-2 - Added connection conn10: url=jdbc:h2:mem:testdb user=SA
2023-12-21T01:24:32.144+05:30  INFO 3844 --- [           main] com.zaxxer.hikari.HikariDataSource       : HikariPool-2 - Start completed.
2023-12-21T01:24:32.144+05:30  INFO 3844 --- [           main] o.s.b.a.h2.H2ConsoleAutoConfiguration    : H2 console available at '/h2-console'. Database available at 'jdbc:h2:mem:testdb'
2023-12-21T01:24:32.344+05:30  INFO 3844 --- [           main] org.flywaydb.core.FlywayExecutor         : Database: jdbc:h2:mem:testdb (H2 2.2)
2023-12-21T01:24:32.348+05:30  WARN 3844 --- [           main] o.f.c.internal.database.base.Database    : Flyway upgrade recommended: H2 2.2.224 is newer than this version of Flyway and support has not been tested. The latest supported version of H2 is 2.2.220.
2023-12-21T01:24:32.359+05:30  INFO 3844 --- [           main] o.f.core.internal.command.DbValidate     : Successfully validated 1 migration (execution time 00:00.006s)
2023-12-21T01:24:32.363+05:30  INFO 3844 --- [           main] o.f.core.internal.command.DbMigrate      : Current version of schema "PUBLIC": 1
2023-12-21T01:24:32.364+05:30  INFO 3844 --- [           main] o.f.core.internal.command.DbMigrate      : Schema "PUBLIC" is up to date. No migration necessary.
2023-12-21T01:24:32.436+05:30  INFO 3844 --- [           main] o.hibernate.jpa.internal.util.LogHelper  : HHH000204: Processing PersistenceUnitInfo [name: default]
2023-12-21T01:24:32.444+05:30  INFO 3844 --- [           main] o.h.c.internal.RegionFactoryInitiator    : HHH000026: Second-level cache disabled
2023-12-21T01:24:32.452+05:30  INFO 3844 --- [           main] o.s.o.j.p.SpringPersistenceUnitInfo      : No LoadTimeWeaver setup: ignoring JPA class transformer
2023-12-21T01:24:32.455+05:30  WARN 3844 --- [           main] org.hibernate.orm.deprecation            : HHH90000025: H2Dialect does not need to be specified explicitly using 'hibernate.dialect' (remove the property setting and it will be selected by default)
2023-12-21T01:24:32.568+05:30  INFO 3844 --- [           main] o.h.e.t.j.p.i.JtaPlatformInitiator       : HHH000489: No JTA platform available (set 'hibernate.transaction.jta.platform' to enable JTA platform integration)
2023-12-21T01:24:32.571+05:30  INFO 3844 --- [           main] j.LocalContainerEntityManagerFactoryBean : Initialized JPA EntityManagerFactory for persistence unit 'default'
2023-12-21T01:24:32.818+05:30  WARN 3844 --- [           main] JpaBaseConfiguration$JpaWebConfiguration : spring.jpa.open-in-view is enabled by default. Therefore, database queries may be performed during view rendering. Explicitly configure spring.jpa.open-in-view to disable this warning
2023-12-21T01:24:33.331+05:30  INFO 3844 --- [           main] o.s.b.w.embedded.tomcat.TomcatWebServer  : Tomcat started on port 59498 (http) with context path ''
2023-12-21T01:24:33.340+05:30  INFO 3844 --- [           main] c.a.integrationtest.BookControllerTest   : Started BookControllerTest in 3.177 seconds (process running for 19.659)
2023-12-21T01:24:33.342+05:30 DEBUG 3844 --- [           main] org.springframework.test.context.cache   : Spring test ApplicationContext cache statistics: [DefaultContextCache@73539633 size = 2, maxSize = 32, parentContextCount = 0, hitCount = 12, missCount = 2, failureCount = 0]
2023-12-21T01:24:33.350+05:30 DEBUG 3844 --- [           main] org.springframework.test.context.cache   : Spring test ApplicationContext cache statistics: [DefaultContextCache@73539633 size = 2, maxSize = 32, parentContextCount = 0, hitCount = 13, missCount = 2, failureCount = 0]
2023-12-21T01:24:33.353+05:30 DEBUG 3844 --- [           main] sContextBeforeModesTestExecutionListener : Before test method: class [BookControllerTest], method [shouldReturnBooksWhenBookApiCalled], class annotated with @DirtiesContext [true] with mode [AFTER_EACH_TEST_METHOD], method annotated with @DirtiesContext [false] with mode [null]
2023-12-21T01:24:33.358+05:30 DEBUG 3844 --- [           main] .s.t.c.j.SqlScriptsTestExecutionListener : Processing merged @SqlConfig attributes for execution phase [BEFORE_TEST_METHOD] and test class [com.amazingbookstore.integrationtest.BookControllerTest]
2023-12-21T01:24:33.360+05:30 DEBUG 3844 --- [           main] org.springframework.test.context.cache   : Spring test ApplicationContext cache statistics: [DefaultContextCache@73539633 size = 2, maxSize = 32, parentContextCount = 0, hitCount = 14, missCount = 2, failureCount = 0]
2023-12-21T01:24:33.361+05:30 DEBUG 3844 --- [           main] .s.t.c.j.SqlScriptsTestExecutionListener : Executing SQL scripts: [class path resource [InsertInitialBookRecordForTest.sql]]
2023-12-21T01:24:33.364+05:30 DEBUG 3844 --- [           main] org.springframework.test.context.cache   : Spring test ApplicationContext cache statistics: [DefaultContextCache@73539633 size = 2, maxSize = 32, parentContextCount = 0, hitCount = 15, missCount = 2, failureCount = 0]
2023-12-21T01:24:33.365+05:30 DEBUG 3844 --- [           main] org.springframework.test.context.cache   : Spring test ApplicationContext cache statistics: [DefaultContextCache@73539633 size = 2, maxSize = 32, parentContextCount = 0, hitCount = 16, missCount = 2, failureCount = 0]
2023-12-21T01:24:33.390+05:30 DEBUG 3844 --- [           main] org.springframework.test.context.cache   : Spring test ApplicationContext cache statistics: [DefaultContextCache@73539633 size = 2, maxSize = 32, parentContextCount = 0, hitCount = 17, missCount = 2, failureCount = 0]
2023-12-21T01:24:33.391+05:30 DEBUG 3844 --- [           main] org.springframework.test.context.cache   : Spring test ApplicationContext cache statistics: [DefaultContextCache@73539633 size = 2, maxSize = 32, parentContextCount = 0, hitCount = 18, missCount = 2, failureCount = 0]
2023-12-21T01:24:33.396+05:30 DEBUG 3844 --- [           main] org.springframework.test.context.cache   : Spring test ApplicationContext cache statistics: [DefaultContextCache@73539633 size = 2, maxSize = 32, parentContextCount = 0, hitCount = 19, missCount = 2, failureCount = 0]
2023-12-21T01:24:33.726+05:30  INFO 3844 --- [o-auto-1-exec-1] o.a.c.c.C.[Tomcat].[localhost].[/]       : Initializing Spring DispatcherServlet 'dispatcherServlet'
2023-12-21T01:24:33.726+05:30  INFO 3844 --- [o-auto-1-exec-1] o.s.web.servlet.DispatcherServlet        : Initializing Servlet 'dispatcherServlet'
2023-12-21T01:24:33.730+05:30  INFO 3844 --- [o-auto-1-exec-1] o.s.web.servlet.DispatcherServlet        : Completed initialization in 3 ms
Hibernate: select b1_0.id,b1_0.description,b1_0.release_year,b1_0.title from book b1_0
2023-12-21T01:24:34.540+05:30 DEBUG 3844 --- [           main] org.springframework.test.context.cache   : Spring test ApplicationContext cache statistics: [DefaultContextCache@73539633 size = 2, maxSize = 32, parentContextCount = 0, hitCount = 20, missCount = 2, failureCount = 0]
2023-12-21T01:24:34.541+05:30 DEBUG 3844 --- [           main] org.springframework.test.context.cache   : Spring test ApplicationContext cache statistics: [DefaultContextCache@73539633 size = 2, maxSize = 32, parentContextCount = 0, hitCount = 21, missCount = 2, failureCount = 0]
2023-12-21T01:24:34.541+05:30 DEBUG 3844 --- [           main] org.springframework.test.context.cache   : Spring test ApplicationContext cache statistics: [DefaultContextCache@73539633 size = 2, maxSize = 32, parentContextCount = 0, hitCount = 22, missCount = 2, failureCount = 0]
2023-12-21T01:24:34.541+05:30 DEBUG 3844 --- [           main] org.springframework.test.context.cache   : Spring test ApplicationContext cache statistics: [DefaultContextCache@73539633 size = 2, maxSize = 32, parentContextCount = 0, hitCount = 23, missCount = 2, failureCount = 0]
2023-12-21T01:24:34.542+05:30 DEBUG 3844 --- [           main] org.springframework.test.context.cache   : Spring test ApplicationContext cache statistics: [DefaultContextCache@73539633 size = 2, maxSize = 32, parentContextCount = 0, hitCount = 24, missCount = 2, failureCount = 0]
2023-12-21T01:24:34.544+05:30 DEBUG 3844 --- [           main] org.springframework.test.context.cache   : Spring test ApplicationContext cache statistics: [DefaultContextCache@73539633 size = 2, maxSize = 32, parentContextCount = 0, hitCount = 25, missCount = 2, failureCount = 0]
2023-12-21T01:24:34.545+05:30 DEBUG 3844 --- [           main] .c.s.DirtiesContextTestExecutionListener : After test method: class [BookControllerTest], method [shouldReturnBooksWhenBookApiCalled], class annotated with @DirtiesContext [true] with mode [AFTER_EACH_TEST_METHOD], method annotated with @DirtiesContext [false] with mode [null]
2023-12-21T01:24:34.558+05:30  INFO 3844 --- [           main] j.LocalContainerEntityManagerFactoryBean : Closing JPA EntityManagerFactory for persistence unit 'default'
2023-12-21T01:24:34.561+05:30  INFO 3844 --- [           main] com.zaxxer.hikari.HikariDataSource       : HikariPool-2 - Shutdown initiated...
2023-12-21T01:24:34.565+05:30  INFO 3844 --- [           main] com.zaxxer.hikari.HikariDataSource       : HikariPool-2 - Shutdown completed.
]]></system-out>
  </testcase>
</testsuite>