<?xml version="1.0" encoding="UTF-8"?>
<testsuite xmlns:xsi="http://www.w3.org/2001/XMLSchema-instance" xsi:noNamespaceSchemaLocation="https://maven.apache.org/surefire/maven-surefire-plugin/xsd/surefire-test-report-3.0.xsd" version="3.0" name="com.amazingbookstore.repository.BookRepositoryTest" time="1.032" tests="2" errors="0" skipped="0" failures="0">
  <properties>
[...]
</properties>
  <testcase name="shouldAbleToFetchAllBooksInDB" classname="com.amazingbookstore.repository.BookRepositoryTest" time="0.052">
    <system-out><![CDATA[2023-12-22T23:50:56.344+05:30 DEBUG 9124 --- [           main] o.s.t.c.support.AbstractContextLoader    : Could not detect default resource locations for test class [com.amazingbookstore.repository.BookRepositoryTest]: no resource found for suffixes {-context.xml, Context.groovy}.
2023-12-22T23:50:56.344+05:30  INFO 9124 --- [           main] t.c.s.AnnotationConfigContextLoaderUtils : Could not detect default configuration classes for test class [com.amazingbookstore.repository.BookRepositoryTest]: BookRepositoryTest does not declare any static, non-private, non-final, nested classes annotated with @Configuration.
2023-12-22T23:50:56.423+05:30  INFO 9124 --- [           main] .b.t.c.SpringBootTestContextBootstrapper : Found @SpringBootConfiguration com.amazingbookstore.AmazingBookStoreBackendApplication for test class com.amazingbookstore.repository.BookRepositoryTest
2023-12-22T23:50:56.426+05:30 DEBUG 9124 --- [           main] .s.t.c.u.TestContextSpringFactoriesUtils : Skipping candidate TestExecutionListener [org.springframework.test.context.observation.MicrometerObservationRegistryTestExecutionListener] due to a missing dependency. Specify custom TestExecutionListener classes or make the default TestExecutionListener classes and their required dependencies available. Offending class: io.micrometer.context.ThreadLocalAccessor. MicrometerObservationRegistryTestExecutionListener requires io.micrometer:micrometer-observation:1.10.8 or higher and io.micrometer:context-propagation:1.0.3 or higher.
2023-12-22T23:50:56.426+05:30 DEBUG 9124 --- [           main] sContextBeforeModesTestExecutionListener : Before test class: class [BookRepositoryTest], class annotated with @DirtiesContext [false] with mode [null]
2023-12-22T23:50:56.428+05:30 DEBUG 9124 --- [           main] DependencyInjectionTestExecutionListener : Performing dependency injection for test class com.amazingbookstore.repository.BookRepositoryTest
2023-12-22T23:50:56.432+05:30  INFO 9124 --- [           main] o.s.b.d.r.RestartApplicationListener     : Restart disabled due to context in which it is running

  .   ____          _            __ _ _
 /\\ / ___'_ __ _ _(_)_ __  __ _ \ \ \ \
( ( )\___ | '_ | '_| | '_ \/ _` | \ \ \ \
 \\/  ___)| |_)| | | | | || (_| |  ) ) ) )
  '  |____| .__|_| |_|_| |_\__, | / / / /
 =========|_|==============|___/=/_/_/_/
 :: Spring Boot ::                (v3.2.0)

2023-12-22T23:50:56.513+05:30  INFO 9124 --- [           main] c.a.repository.BookRepositoryTest        : Starting BookRepositoryTest using Java 21.0.1 with PID 9124 (started by cheta in E:\FullStackJava\Project\amazingbookstore-backend)
2023-12-22T23:50:56.513+05:30  INFO 9124 --- [           main] c.a.repository.BookRepositoryTest        : No active profile set, falling back to 1 default profile: "default"
2023-12-22T23:50:56.756+05:30  INFO 9124 --- [           main] .s.d.r.c.RepositoryConfigurationDelegate : Bootstrapping Spring Data JPA repositories in DEFAULT mode.
2023-12-22T23:50:56.778+05:30  INFO 9124 --- [           main] .s.d.r.c.RepositoryConfigurationDelegate : Finished Spring Data repository scanning in 21 ms. Found 1 JPA repository interface.
2023-12-22T23:50:56.815+05:30  INFO 9124 --- [           main] beddedDataSourceBeanFactoryPostProcessor : Replacing 'dataSource' DataSource bean with embedded version
2023-12-22T23:50:56.894+05:30  INFO 9124 --- [           main] o.s.j.d.e.EmbeddedDatabaseFactory        : Starting embedded database: url='jdbc:h2:mem:ab596128-4aa6-46f0-a9f6-d2d3d6c666a7;DB_CLOSE_DELAY=-1;DB_CLOSE_ON_EXIT=false', username='sa'
2023-12-22T23:50:56.916+05:30  INFO 9124 --- [           main] org.flywaydb.core.FlywayExecutor         : Database: jdbc:h2:mem:ab596128-4aa6-46f0-a9f6-d2d3d6c666a7 (H2 2.2)
2023-12-22T23:50:56.918+05:30  WARN 9124 --- [           main] o.f.c.internal.database.base.Database    : Flyway upgrade recommended: H2 2.2.224 is newer than this version of Flyway and support has not been tested. The latest supported version of H2 is 2.2.220.
2023-12-22T23:50:56.923+05:30  INFO 9124 --- [           main] o.f.c.i.s.JdbcTableSchemaHistory         : Schema history table "PUBLIC"."flyway_schema_history" does not exist yet
2023-12-22T23:50:56.924+05:30  INFO 9124 --- [           main] o.f.core.internal.command.DbValidate     : Successfully validated 1 migration (execution time 00:00.003s)
2023-12-22T23:50:56.930+05:30  INFO 9124 --- [           main] o.f.c.i.s.JdbcTableSchemaHistory         : Creating Schema History table "PUBLIC"."flyway_schema_history" ...
2023-12-22T23:50:56.948+05:30  INFO 9124 --- [           main] o.f.core.internal.command.DbMigrate      : Current version of schema "PUBLIC": << Empty Schema >>
2023-12-22T23:50:56.952+05:30  INFO 9124 --- [           main] o.f.core.internal.command.DbMigrate      : Migrating schema "PUBLIC" to version "1 - BOOK SCHEMA"
2023-12-22T23:50:56.960+05:30  INFO 9124 --- [           main] o.f.core.internal.command.DbMigrate      : Successfully applied 1 migration to schema "PUBLIC", now at version v1 (execution time 00:00.002s)
2023-12-22T23:50:57.001+05:30  INFO 9124 --- [           main] o.hibernate.jpa.internal.util.LogHelper  : HHH000204: Processing PersistenceUnitInfo [name: default]
2023-12-22T23:50:57.008+05:30  INFO 9124 --- [           main] o.h.c.internal.RegionFactoryInitiator    : HHH000026: Second-level cache disabled
2023-12-22T23:50:57.016+05:30  INFO 9124 --- [           main] o.s.o.j.p.SpringPersistenceUnitInfo      : No LoadTimeWeaver setup: ignoring JPA class transformer
2023-12-22T23:50:57.020+05:30  WARN 9124 --- [           main] org.hibernate.orm.deprecation            : HHH90000025: H2Dialect does not need to be specified explicitly using 'hibernate.dialect' (remove the property setting and it will be selected by default)
2023-12-22T23:50:57.116+05:30  INFO 9124 --- [           main] o.h.e.t.j.p.i.JtaPlatformInitiator       : HHH000489: No JTA platform available (set 'hibernate.transaction.jta.platform' to enable JTA platform integration)
2023-12-22T23:50:57.121+05:30  INFO 9124 --- [           main] j.LocalContainerEntityManagerFactoryBean : Initialized JPA EntityManagerFactory for persistence unit 'default'
2023-12-22T23:50:57.209+05:30  INFO 9124 --- [           main] c.a.repository.BookRepositoryTest        : Started BookRepositoryTest in 0.778 seconds (process running for 22.124)
2023-12-22T23:50:57.211+05:30 DEBUG 9124 --- [           main] org.springframework.test.context.cache   : Spring test ApplicationContext cache statistics: [DefaultContextCache@27943321 size = 2, maxSize = 32, parentContextCount = 0, hitCount = 25, missCount = 3, failureCount = 0]
2023-12-22T23:50:57.215+05:30 DEBUG 9124 --- [           main] org.springframework.test.context.cache   : Spring test ApplicationContext cache statistics: [DefaultContextCache@27943321 size = 2, maxSize = 32, parentContextCount = 0, hitCount = 26, missCount = 3, failureCount = 0]
2023-12-22T23:50:57.217+05:30 DEBUG 9124 --- [           main] sContextBeforeModesTestExecutionListener : Before test method: class [BookRepositoryTest], method [shouldAbleToFetchAllBooksInDB], class annotated with @DirtiesContext [false] with mode [null], method annotated with @DirtiesContext [false] with mode [null]
2023-12-22T23:50:57.218+05:30 DEBUG 9124 --- [           main] t.c.t.TransactionalTestExecutionListener : Explicit transaction definition [PROPAGATION_REQUIRED,ISOLATION_DEFAULT] found for test class [com.amazingbookstore.repository.BookRepositoryTest] and test method [shouldAbleToFetchAllBooksInDB]
2023-12-22T23:50:57.219+05:30 DEBUG 9124 --- [           main] org.springframework.test.context.cache   : Spring test ApplicationContext cache statistics: [DefaultContextCache@27943321 size = 2, maxSize = 32, parentContextCount = 0, hitCount = 27, missCount = 3, failureCount = 0]
2023-12-22T23:50:57.223+05:30 DEBUG 9124 --- [           main] t.c.t.TransactionalTestExecutionListener : No method-level @Rollback override: using default rollback [true] for test method [void com.amazingbookstore.repository.BookRepositoryTest.shouldAbleToFetchAllBooksInDB()]
2023-12-22T23:50:57.226+05:30 DEBUG 9124 --- [           main] o.s.t.c.transaction.TransactionContext   : Began transaction (1) for test class [com.amazingbookstore.repository.BookRepositoryTest]; test method [shouldAbleToFetchAllBooksInDB]; transaction manager [org.springframework.orm.jpa.JpaTransactionManager@6bf11efc]; rollback [true]
2023-12-22T23:50:57.228+05:30 DEBUG 9124 --- [           main] .s.t.c.j.SqlScriptsTestExecutionListener : Processing merged @SqlConfig attributes for execution phase [BEFORE_TEST_METHOD] and test class [com.amazingbookstore.repository.BookRepositoryTest]
2023-12-22T23:50:57.228+05:30 DEBUG 9124 --- [           main] org.springframework.test.context.cache   : Spring test ApplicationContext cache statistics: [DefaultContextCache@27943321 size = 2, maxSize = 32, parentContextCount = 0, hitCount = 28, missCount = 3, failureCount = 0]
2023-12-22T23:50:57.228+05:30 DEBUG 9124 --- [           main] .s.t.c.j.SqlScriptsTestExecutionListener : Executing SQL scripts: [class path resource [InsertInitialBookRecordForTest.sql]]
2023-12-22T23:50:57.229+05:30 DEBUG 9124 --- [           main] org.springframework.test.context.cache   : Spring test ApplicationContext cache statistics: [DefaultContextCache@27943321 size = 2, maxSize = 32, parentContextCount = 0, hitCount = 29, missCount = 3, failureCount = 0]
2023-12-22T23:50:57.229+05:30 DEBUG 9124 --- [           main] org.springframework.test.context.cache   : Spring test ApplicationContext cache statistics: [DefaultContextCache@27943321 size = 2, maxSize = 32, parentContextCount = 0, hitCount = 30, missCount = 3, failureCount = 0]
2023-12-22T23:50:57.232+05:30 DEBUG 9124 --- [           main] org.springframework.test.context.cache   : Spring test ApplicationContext cache statistics: [DefaultContextCache@27943321 size = 2, maxSize = 32, parentContextCount = 0, hitCount = 31, missCount = 3, failureCount = 0]
2023-12-22T23:50:57.232+05:30 DEBUG 9124 --- [           main] org.springframework.test.context.cache   : Spring test ApplicationContext cache statistics: [DefaultContextCache@27943321 size = 2, maxSize = 32, parentContextCount = 0, hitCount = 32, missCount = 3, failureCount = 0]
2023-12-22T23:50:57.234+05:30 DEBUG 9124 --- [           main] org.springframework.test.context.cache   : Spring test ApplicationContext cache statistics: [DefaultContextCache@27943321 size = 2, maxSize = 32, parentContextCount = 0, hitCount = 33, missCount = 3, failureCount = 0]
Hibernate: select b1_0.id,b1_0.description,b1_0.release_year,b1_0.title from book b1_0
2023-12-22T23:50:57.256+05:30 DEBUG 9124 --- [           main] org.springframework.test.context.cache   : Spring test ApplicationContext cache statistics: [DefaultContextCache@27943321 size = 2, maxSize = 32, parentContextCount = 0, hitCount = 34, missCount = 3, failureCount = 0]
2023-12-22T23:50:57.257+05:30 DEBUG 9124 --- [           main] org.springframework.test.context.cache   : Spring test ApplicationContext cache statistics: [DefaultContextCache@27943321 size = 2, maxSize = 32, parentContextCount = 0, hitCount = 35, missCount = 3, failureCount = 0]
2023-12-22T23:50:57.257+05:30 DEBUG 9124 --- [           main] org.springframework.test.context.cache   : Spring test ApplicationContext cache statistics: [DefaultContextCache@27943321 size = 2, maxSize = 32, parentContextCount = 0, hitCount = 36, missCount = 3, failureCount = 0]
2023-12-22T23:50:57.257+05:30 DEBUG 9124 --- [           main] org.springframework.test.context.cache   : Spring test ApplicationContext cache statistics: [DefaultContextCache@27943321 size = 2, maxSize = 32, parentContextCount = 0, hitCount = 37, missCount = 3, failureCount = 0]
2023-12-22T23:50:57.258+05:30 DEBUG 9124 --- [           main] org.springframework.test.context.cache   : Spring test ApplicationContext cache statistics: [DefaultContextCache@27943321 size = 2, maxSize = 32, parentContextCount = 0, hitCount = 38, missCount = 3, failureCount = 0]
2023-12-22T23:50:57.259+05:30 DEBUG 9124 --- [           main] org.springframework.test.context.cache   : Spring test ApplicationContext cache statistics: [DefaultContextCache@27943321 size = 2, maxSize = 32, parentContextCount = 0, hitCount = 39, missCount = 3, failureCount = 0]
2023-12-22T23:50:57.266+05:30 DEBUG 9124 --- [           main] o.s.t.c.transaction.TransactionContext   : Rolled back transaction (1) for test class [com.amazingbookstore.repository.BookRepositoryTest]; test method [shouldAbleToFetchAllBooksInDB]
2023-12-22T23:50:57.267+05:30 DEBUG 9124 --- [           main] .c.s.DirtiesContextTestExecutionListener : After test method: class [BookRepositoryTest], method [shouldAbleToFetchAllBooksInDB], class annotated with @DirtiesContext [false] with mode [null], method annotated with @DirtiesContext [false] with mode [null]
]]></system-out>
  </testcase>
  <testcase name="shouldReturnOneBookWhenTitleisTestTitle" classname="com.amazingbookstore.repository.BookRepositoryTest" time="0.092">
    <system-out><![CDATA[2023-12-22T23:50:57.270+05:30 DEBUG 9124 --- [           main] DependencyInjectionTestExecutionListener : Performing dependency injection for test class com.amazingbookstore.repository.BookRepositoryTest
2023-12-22T23:50:57.270+05:30 DEBUG 9124 --- [           main] org.springframework.test.context.cache   : Spring test ApplicationContext cache statistics: [DefaultContextCache@27943321 size = 2, maxSize = 32, parentContextCount = 0, hitCount = 40, missCount = 3, failureCount = 0]
2023-12-22T23:50:57.271+05:30 DEBUG 9124 --- [           main] org.springframework.test.context.cache   : Spring test ApplicationContext cache statistics: [DefaultContextCache@27943321 size = 2, maxSize = 32, parentContextCount = 0, hitCount = 41, missCount = 3, failureCount = 0]
2023-12-22T23:50:57.273+05:30 DEBUG 9124 --- [           main] sContextBeforeModesTestExecutionListener : Before test method: class [BookRepositoryTest], method [shouldReturnOneBookWhenTitleisTestTitle], class annotated with @DirtiesContext [false] with mode [null], method annotated with @DirtiesContext [false] with mode [null]
2023-12-22T23:50:57.274+05:30 DEBUG 9124 --- [           main] t.c.t.TransactionalTestExecutionListener : Explicit transaction definition [PROPAGATION_REQUIRED,ISOLATION_DEFAULT] found for test class [com.amazingbookstore.repository.BookRepositoryTest] and test method [shouldReturnOneBookWhenTitleisTestTitle]
2023-12-22T23:50:57.275+05:30 DEBUG 9124 --- [           main] org.springframework.test.context.cache   : Spring test ApplicationContext cache statistics: [DefaultContextCache@27943321 size = 2, maxSize = 32, parentContextCount = 0, hitCount = 42, missCount = 3, failureCount = 0]
2023-12-22T23:50:57.275+05:30 DEBUG 9124 --- [           main] t.c.t.TransactionalTestExecutionListener : No method-level @Rollback override: using default rollback [true] for test method [void com.amazingbookstore.repository.BookRepositoryTest.shouldReturnOneBookWhenTitleisTestTitle()]
2023-12-22T23:50:57.278+05:30 DEBUG 9124 --- [           main] o.s.t.c.transaction.TransactionContext   : Began transaction (1) for test class [com.amazingbookstore.repository.BookRepositoryTest]; test method [shouldReturnOneBookWhenTitleisTestTitle]; transaction manager [org.springframework.orm.jpa.JpaTransactionManager@6bf11efc]; rollback [true]
2023-12-22T23:50:57.279+05:30 DEBUG 9124 --- [           main] .s.t.c.j.SqlScriptsTestExecutionListener : Processing merged @SqlConfig attributes for execution phase [BEFORE_TEST_METHOD] and test class [com.amazingbookstore.repository.BookRepositoryTest]
2023-12-22T23:50:57.279+05:30 DEBUG 9124 --- [           main] org.springframework.test.context.cache   : Spring test ApplicationContext cache statistics: [DefaultContextCache@27943321 size = 2, maxSize = 32, parentContextCount = 0, hitCount = 43, missCount = 3, failureCount = 0]
2023-12-22T23:50:57.280+05:30 DEBUG 9124 --- [           main] .s.t.c.j.SqlScriptsTestExecutionListener : Executing SQL scripts: [class path resource [InsertInitialBookRecordForTest.sql]]
2023-12-22T23:50:57.280+05:30 DEBUG 9124 --- [           main] org.springframework.test.context.cache   : Spring test ApplicationContext cache statistics: [DefaultContextCache@27943321 size = 2, maxSize = 32, parentContextCount = 0, hitCount = 44, missCount = 3, failureCount = 0]
2023-12-22T23:50:57.280+05:30 DEBUG 9124 --- [           main] org.springframework.test.context.cache   : Spring test ApplicationContext cache statistics: [DefaultContextCache@27943321 size = 2, maxSize = 32, parentContextCount = 0, hitCount = 45, missCount = 3, failureCount = 0]
2023-12-22T23:50:57.282+05:30 DEBUG 9124 --- [           main] org.springframework.test.context.cache   : Spring test ApplicationContext cache statistics: [DefaultContextCache@27943321 size = 2, maxSize = 32, parentContextCount = 0, hitCount = 46, missCount = 3, failureCount = 0]
2023-12-22T23:50:57.283+05:30 DEBUG 9124 --- [           main] org.springframework.test.context.cache   : Spring test ApplicationContext cache statistics: [DefaultContextCache@27943321 size = 2, maxSize = 32, parentContextCount = 0, hitCount = 47, missCount = 3, failureCount = 0]
2023-12-22T23:50:57.284+05:30 DEBUG 9124 --- [           main] org.springframework.test.context.cache   : Spring test ApplicationContext cache statistics: [DefaultContextCache@27943321 size = 2, maxSize = 32, parentContextCount = 0, hitCount = 48, missCount = 3, failureCount = 0]
Hibernate: select b1_0.id,b1_0.description,b1_0.release_year,b1_0.title from book b1_0 where b1_0.title=?
2023-12-22T23:50:57.357+05:30 DEBUG 9124 --- [           main] org.springframework.test.context.cache   : Spring test ApplicationContext cache statistics: [DefaultContextCache@27943321 size = 2, maxSize = 32, parentContextCount = 0, hitCount = 49, missCount = 3, failureCount = 0]
2023-12-22T23:50:57.357+05:30 DEBUG 9124 --- [           main] org.springframework.test.context.cache   : Spring test ApplicationContext cache statistics: [DefaultContextCache@27943321 size = 2, maxSize = 32, parentContextCount = 0, hitCount = 50, missCount = 3, failureCount = 0]
2023-12-22T23:50:57.358+05:30 DEBUG 9124 --- [           main] org.springframework.test.context.cache   : Spring test ApplicationContext cache statistics: [DefaultContextCache@27943321 size = 2, maxSize = 32, parentContextCount = 0, hitCount = 51, missCount = 3, failureCount = 0]
2023-12-22T23:50:57.358+05:30 DEBUG 9124 --- [           main] org.springframework.test.context.cache   : Spring test ApplicationContext cache statistics: [DefaultContextCache@27943321 size = 2, maxSize = 32, parentContextCount = 0, hitCount = 52, missCount = 3, failureCount = 0]
2023-12-22T23:50:57.359+05:30 DEBUG 9124 --- [           main] org.springframework.test.context.cache   : Spring test ApplicationContext cache statistics: [DefaultContextCache@27943321 size = 2, maxSize = 32, parentContextCount = 0, hitCount = 53, missCount = 3, failureCount = 0]
2023-12-22T23:50:57.360+05:30 DEBUG 9124 --- [           main] org.springframework.test.context.cache   : Spring test ApplicationContext cache statistics: [DefaultContextCache@27943321 size = 2, maxSize = 32, parentContextCount = 0, hitCount = 54, missCount = 3, failureCount = 0]
2023-12-22T23:50:57.363+05:30 DEBUG 9124 --- [           main] o.s.t.c.transaction.TransactionContext   : Rolled back transaction (1) for test class [com.amazingbookstore.repository.BookRepositoryTest]; test method [shouldReturnOneBookWhenTitleisTestTitle]
2023-12-22T23:50:57.364+05:30 DEBUG 9124 --- [           main] .c.s.DirtiesContextTestExecutionListener : After test method: class [BookRepositoryTest], method [shouldReturnOneBookWhenTitleisTestTitle], class annotated with @DirtiesContext [false] with mode [null], method annotated with @DirtiesContext [false] with mode [null]
]]></system-out>
  </testcase>
</testsuite>