<?xml version="1.0" encoding="UTF-8"?>
<testsuite xmlns:xsi="http://www.w3.org/2001/XMLSchema-instance" xsi:noNamespaceSchemaLocation="https://maven.apache.org/surefire/maven-surefire-plugin/xsd/surefire-test-report-3.0.xsd" version="3.0" name="com.amazingbookstore.AmazingBookStoreBackendApplicationTests" time="14.981" tests="1" errors="0" skipped="0" failures="0">
  <properties>
[...]
</properties>
  <testcase name="contextLoads" classname="com.amazingbookstore.AmazingBookStoreBackendApplicationTests" time="0.932">
    <system-out><![CDATA[01:29:40.915 [main] INFO org.springframework.test.context.support.AnnotationConfigContextLoaderUtils -- Could not detect default configuration classes for test class [com.amazingbookstore.AmazingBookStoreBackendApplicationTests]: AmazingBookStoreBackendApplicationTests does not declare any static, non-private, non-final, nested classes annotated with @Configuration.
01:29:41.257 [main] INFO org.springframework.boot.test.context.SpringBootTestContextBootstrapper -- Found @SpringBootConfiguration com.amazingbookstore.AmazingBookStoreBackendApplication for test class com.amazingbookstore.AmazingBookStoreBackendApplicationTests
01:29:41.828 [main] INFO org.springframework.boot.devtools.restart.RestartApplicationListener -- Restart disabled due to context in which it is running

  .   ____          _            __ _ _
 /\\ / ___'_ __ _ _(_)_ __  __ _ \ \ \ \
( ( )\___ | '_ | '_| | '_ \/ _` | \ \ \ \
 \\/  ___)| |_)| | | | | || (_| |  ) ) ) )
  '  |____| .__|_| |_|_| |_\__, | / / / /
 =========|_|==============|___/=/_/_/_/
 :: Spring Boot ::                (v3.2.0)

2023-12-23T01:29:42.864+05:30  INFO 17836 --- [           main] .AmazingBookStoreBackendApplicationTests : Starting AmazingBookStoreBackendApplicationTests using Java 21.0.1 with PID 17836 (started by cheta in E:\FullStackJava\Project\amazingbookstore-backend)
2023-12-23T01:29:42.867+05:30  INFO 17836 --- [           main] .AmazingBookStoreBackendApplicationTests : No active profile set, falling back to 1 default profile: "default"
2023-12-23T01:29:45.034+05:30  INFO 17836 --- [           main] .s.d.r.c.RepositoryConfigurationDelegate : Bootstrapping Spring Data JPA repositories in DEFAULT mode.
2023-12-23T01:29:45.157+05:30  INFO 17836 --- [           main] .s.d.r.c.RepositoryConfigurationDelegate : Finished Spring Data repository scanning in 105 ms. Found 1 JPA repository interface.
2023-12-23T01:29:46.394+05:30  INFO 17836 --- [           main] com.zaxxer.hikari.HikariDataSource       : HikariPool-1 - Starting...
2023-12-23T01:29:47.231+05:30  INFO 17836 --- [           main] com.zaxxer.hikari.pool.HikariPool        : HikariPool-1 - Added connection conn0: url=jdbc:h2:mem:testdb user=SA
2023-12-23T01:29:47.237+05:30  INFO 17836 --- [           main] com.zaxxer.hikari.HikariDataSource       : HikariPool-1 - Start completed.
2023-12-23T01:29:47.436+05:30  INFO 17836 --- [           main] o.f.c.internal.license.VersionPrinter    : Flyway Community Edition 9.22.3 by Redgate
2023-12-23T01:29:47.436+05:30  INFO 17836 --- [           main] o.f.c.internal.license.VersionPrinter    : See release notes here: https://rd.gt/416ObMi
2023-12-23T01:29:47.436+05:30  INFO 17836 --- [           main] o.f.c.internal.license.VersionPrinter    : 
2023-12-23T01:29:47.520+05:30  INFO 17836 --- [           main] org.flywaydb.core.FlywayExecutor         : Database: jdbc:h2:mem:testdb (H2 2.2)
2023-12-23T01:29:47.536+05:30  WARN 17836 --- [           main] o.f.c.internal.database.base.Database    : Flyway upgrade recommended: H2 2.2.224 is newer than this version of Flyway and support has not been tested. The latest supported version of H2 is 2.2.220.
2023-12-23T01:29:47.580+05:30  INFO 17836 --- [           main] o.f.c.i.s.JdbcTableSchemaHistory         : Schema history table "PUBLIC"."flyway_schema_history" does not exist yet
2023-12-23T01:29:47.586+05:30  INFO 17836 --- [           main] o.f.core.internal.command.DbValidate     : Successfully validated 1 migration (execution time 00:00.027s)
2023-12-23T01:29:47.599+05:30  INFO 17836 --- [           main] o.f.c.i.s.JdbcTableSchemaHistory         : Creating Schema History table "PUBLIC"."flyway_schema_history" ...
2023-12-23T01:29:47.681+05:30  INFO 17836 --- [           main] o.f.core.internal.command.DbMigrate      : Current version of schema "PUBLIC": << Empty Schema >>
2023-12-23T01:29:47.694+05:30  INFO 17836 --- [           main] o.f.core.internal.command.DbMigrate      : Migrating schema "PUBLIC" to version "1 - BOOK SCHEMA"
2023-12-23T01:29:47.726+05:30  INFO 17836 --- [           main] o.f.core.internal.command.DbMigrate      : Successfully applied 1 migration to schema "PUBLIC", now at version v1 (execution time 00:00.009s)
2023-12-23T01:29:48.047+05:30  INFO 17836 --- [           main] o.hibernate.jpa.internal.util.LogHelper  : HHH000204: Processing PersistenceUnitInfo [name: default]
2023-12-23T01:29:48.252+05:30  INFO 17836 --- [           main] org.hibernate.Version                    : HHH000412: Hibernate ORM core version 6.3.1.Final
2023-12-23T01:29:48.356+05:30  INFO 17836 --- [           main] o.h.c.internal.RegionFactoryInitiator    : HHH000026: Second-level cache disabled
2023-12-23T01:29:49.143+05:30  INFO 17836 --- [           main] o.s.o.j.p.SpringPersistenceUnitInfo      : No LoadTimeWeaver setup: ignoring JPA class transformer
2023-12-23T01:29:49.301+05:30  WARN 17836 --- [           main] org.hibernate.orm.deprecation            : HHH90000025: H2Dialect does not need to be specified explicitly using 'hibernate.dialect' (remove the property setting and it will be selected by default)
2023-12-23T01:29:51.604+05:30  INFO 17836 --- [           main] o.h.e.t.j.p.i.JtaPlatformInitiator       : HHH000489: No JTA platform available (set 'hibernate.transaction.jta.platform' to enable JTA platform integration)
2023-12-23T01:29:51.684+05:30  INFO 17836 --- [           main] j.LocalContainerEntityManagerFactoryBean : Initialized JPA EntityManagerFactory for persistence unit 'default'
2023-12-23T01:29:52.959+05:30  WARN 17836 --- [           main] JpaBaseConfiguration$JpaWebConfiguration : spring.jpa.open-in-view is enabled by default. Therefore, database queries may be performed during view rendering. Explicitly configure spring.jpa.open-in-view to disable this warning
2023-12-23T01:29:53.003+05:30  INFO 17836 --- [           main] o.s.b.a.h2.H2ConsoleAutoConfiguration    : H2 console available at '/h2-console'. Database available at 'jdbc:h2:mem:testdb'
2023-12-23T01:29:54.106+05:30  INFO 17836 --- [           main] .AmazingBookStoreBackendApplicationTests : Started AmazingBookStoreBackendApplicationTests in 12.352 seconds (process running for 16.221)
2023-12-23T01:29:54.121+05:30 DEBUG 17836 --- [           main] org.springframework.test.context.cache   : Spring test ApplicationContext cache statistics: [DefaultContextCache@77f13b9 size = 1, maxSize = 32, parentContextCount = 0, hitCount = 0, missCount = 1, failureCount = 0]
2023-12-23T01:29:54.122+05:30 DEBUG 17836 --- [           main] o.s.t.c.w.ServletTestExecutionListener   : Setting up MockHttpServletRequest, MockHttpServletResponse, ServletWebRequest, and RequestContextHolder for test class com.amazingbookstore.AmazingBookStoreBackendApplicationTests
2023-12-23T01:29:54.152+05:30 DEBUG 17836 --- [           main] DependencyInjectionTestExecutionListener : Performing dependency injection for test class com.amazingbookstore.AmazingBookStoreBackendApplicationTests
2023-12-23T01:29:54.153+05:30 DEBUG 17836 --- [           main] org.springframework.test.context.cache   : Spring test ApplicationContext cache statistics: [DefaultContextCache@77f13b9 size = 1, maxSize = 32, parentContextCount = 0, hitCount = 1, missCount = 1, failureCount = 0]
2023-12-23T01:29:54.156+05:30 DEBUG 17836 --- [           main] org.springframework.test.context.cache   : Spring test ApplicationContext cache statistics: [DefaultContextCache@77f13b9 size = 1, maxSize = 32, parentContextCount = 0, hitCount = 2, missCount = 1, failureCount = 0]
2023-12-23T01:29:54.177+05:30 DEBUG 17836 --- [           main] sContextBeforeModesTestExecutionListener : Before test method: class [AmazingBookStoreBackendApplicationTests], method [contextLoads], class annotated with @DirtiesContext [false] with mode [null], method annotated with @DirtiesContext [false] with mode [null]
2023-12-23T01:29:54.180+05:30 DEBUG 17836 --- [           main] org.springframework.test.context.cache   : Spring test ApplicationContext cache statistics: [DefaultContextCache@77f13b9 size = 1, maxSize = 32, parentContextCount = 0, hitCount = 3, missCount = 1, failureCount = 0]
2023-12-23T01:29:54.181+05:30 DEBUG 17836 --- [           main] org.springframework.test.context.cache   : Spring test ApplicationContext cache statistics: [DefaultContextCache@77f13b9 size = 1, maxSize = 32, parentContextCount = 0, hitCount = 4, missCount = 1, failureCount = 0]
2023-12-23T01:29:55.054+05:30 DEBUG 17836 --- [           main] org.springframework.test.context.cache   : Spring test ApplicationContext cache statistics: [DefaultContextCache@77f13b9 size = 1, maxSize = 32, parentContextCount = 0, hitCount = 5, missCount = 1, failureCount = 0]
2023-12-23T01:29:55.064+05:30 DEBUG 17836 --- [           main] org.springframework.test.context.cache   : Spring test ApplicationContext cache statistics: [DefaultContextCache@77f13b9 size = 1, maxSize = 32, parentContextCount = 0, hitCount = 6, missCount = 1, failureCount = 0]
2023-12-23T01:29:55.065+05:30 DEBUG 17836 --- [           main] org.springframework.test.context.cache   : Spring test ApplicationContext cache statistics: [DefaultContextCache@77f13b9 size = 1, maxSize = 32, parentContextCount = 0, hitCount = 7, missCount = 1, failureCount = 0]
2023-12-23T01:29:55.065+05:30 DEBUG 17836 --- [           main] org.springframework.test.context.cache   : Spring test ApplicationContext cache statistics: [DefaultContextCache@77f13b9 size = 1, maxSize = 32, parentContextCount = 0, hitCount = 8, missCount = 1, failureCount = 0]
2023-12-23T01:29:55.067+05:30 DEBUG 17836 --- [           main] org.springframework.test.context.cache   : Spring test ApplicationContext cache statistics: [DefaultContextCache@77f13b9 size = 1, maxSize = 32, parentContextCount = 0, hitCount = 9, missCount = 1, failureCount = 0]
2023-12-23T01:29:55.068+05:30 DEBUG 17836 --- [           main] org.springframework.test.context.cache   : Spring test ApplicationContext cache statistics: [DefaultContextCache@77f13b9 size = 1, maxSize = 32, parentContextCount = 0, hitCount = 10, missCount = 1, failureCount = 0]
2023-12-23T01:29:55.071+05:30 DEBUG 17836 --- [           main] org.springframework.test.context.cache   : Spring test ApplicationContext cache statistics: [DefaultContextCache@77f13b9 size = 1, maxSize = 32, parentContextCount = 0, hitCount = 11, missCount = 1, failureCount = 0]
2023-12-23T01:29:55.074+05:30 DEBUG 17836 --- [           main] .c.s.DirtiesContextTestExecutionListener : After test method: class [AmazingBookStoreBackendApplicationTests], method [contextLoads], class annotated with @DirtiesContext [false] with mode [null], method annotated with @DirtiesContext [false] with mode [null]
2023-12-23T01:29:55.074+05:30 DEBUG 17836 --- [           main] o.s.t.c.w.ServletTestExecutionListener   : Resetting RequestContextHolder for test class com.amazingbookstore.AmazingBookStoreBackendApplicationTests
]]></system-out>
    <system-err><![CDATA[WARNING: A Java agent has been loaded dynamically (C:\Users\cheta\.m2\repository\net\bytebuddy\byte-buddy-agent\1.14.10\byte-buddy-agent-1.14.10.jar)
WARNING: If a serviceability tool is in use, please run with -XX:+EnableDynamicAgentLoading to hide this warning
WARNING: If a serviceability tool is not in use, please run with -Djdk.instrument.traceUsage for more information
WARNING: Dynamic loading of agents will be disallowed by default in a future release
]]></system-err>
  </testcase>
</testsuite>